<?xml version="1.0" encoding="UTF-8"?>
<coverage generated="1576042008334" clover="3.2.0">
  <project timestamp="1576042008334" name="All files">
    <metrics statements="73" coveredstatements="27" conditionals="21" coveredconditionals="3" methods="24" coveredmethods="5" elements="118" coveredelements="35" complexity="0" loc="73" ncloc="73" packages="3" files="20" classes="20"/>
    <package name="src">
      <metrics statements="2" coveredstatements="0" conditionals="0" coveredconditionals="0" methods="0" coveredmethods="0"/>
      <file name="index.js" path="/Users/jeffreyrooks/Documents/GitHub/svelte-date-range-picker/src/index.js">
        <metrics statements="2" coveredstatements="0" conditionals="0" coveredconditionals="0" methods="0" coveredmethods="0"/>
        <line num="3" count="0" type="stmt"/>
        <line num="5" count="0" type="stmt"/>
      </file>
    </package>
    <package name="src.date-range-picker">
      <metrics statements="0" coveredstatements="0" conditionals="0" coveredconditionals="0" methods="0" coveredmethods="0"/>
      <file name="index.js" path="/Users/jeffreyrooks/Documents/GitHub/svelte-date-range-picker/src/date-range-picker/index.js">
        <metrics statements="0" coveredstatements="0" conditionals="0" coveredconditionals="0" methods="0" coveredmethods="0"/>
      </file>
    </package>
    <package name="src.date-range-picker.utils">
      <metrics statements="71" coveredstatements="27" conditionals="21" coveredconditionals="3" methods="24" coveredmethods="5"/>
      <file name="build-month-dropdown.js" path="/Users/jeffreyrooks/Documents/GitHub/svelte-date-range-picker/src/date-range-picker/utils/build-month-dropdown.js">
        <metrics statements="5" coveredstatements="5" conditionals="0" coveredconditionals="0" methods="2" coveredmethods="2"/>
        <line num="11" count="4" type="stmt"/>
        <line num="12" count="1" type="stmt"/>
        <line num="14" count="1" type="stmt"/>
        <line num="15" count="12" type="stmt"/>
        <line num="17" count="12" type="stmt"/>
      </file>
      <file name="build-year-dropdown.js" path="/Users/jeffreyrooks/Documents/GitHub/svelte-date-range-picker/src/date-range-picker/utils/build-year-dropdown.js">
        <metrics statements="5" coveredstatements="1" conditionals="0" coveredconditionals="0" methods="2" coveredmethods="0"/>
        <line num="12" count="4" type="stmt"/>
        <line num="13" count="0" type="stmt"/>
        <line num="14" count="0" type="stmt"/>
        <line num="15" count="0" type="stmt"/>
        <line num="16" count="0" type="stmt"/>
      </file>
      <file name="day-offset.js" path="/Users/jeffreyrooks/Documents/GitHub/svelte-date-range-picker/src/date-range-picker/utils/day-offset.js">
        <metrics statements="2" coveredstatements="1" conditionals="0" coveredconditionals="0" methods="1" coveredmethods="0"/>
        <line num="7" count="4" type="stmt"/>
        <line num="8" count="0" type="stmt"/>
      </file>
      <file name="get-calendar-weeks.js" path="/Users/jeffreyrooks/Documents/GitHub/svelte-date-range-picker/src/date-range-picker/utils/get-calendar-weeks.js">
        <metrics statements="9" coveredstatements="2" conditionals="0" coveredconditionals="0" methods="4" coveredmethods="0"/>
        <line num="38" count="4" type="stmt"/>
        <line num="39" count="0" type="stmt"/>
        <line num="40" count="0" type="stmt"/>
        <line num="49" count="4" type="stmt"/>
        <line num="50" count="0" type="stmt"/>
        <line num="51" count="0" type="stmt"/>
        <line num="52" count="0" type="stmt"/>
        <line num="54" count="0" type="stmt"/>
        <line num="60" count="0" type="stmt"/>
      </file>
      <file name="get-day-meta-data.js" path="/Users/jeffreyrooks/Documents/GitHub/svelte-date-range-picker/src/date-range-picker/utils/get-day-meta-data.js">
        <metrics statements="4" coveredstatements="1" conditionals="2" coveredconditionals="0" methods="1" coveredmethods="0"/>
        <line num="47" count="4" type="stmt"/>
        <line num="59" count="0" type="stmt"/>
        <line num="62" count="0" type="stmt"/>
        <line num="64" count="0" type="stmt"/>
      </file>
      <file name="get-days-of-week.js" path="/Users/jeffreyrooks/Documents/GitHub/svelte-date-range-picker/src/date-range-picker/utils/get-days-of-week.js">
        <metrics statements="3" coveredstatements="1" conditionals="0" coveredconditionals="0" methods="2" coveredmethods="0"/>
        <line num="10" count="4" type="stmt"/>
        <line num="11" count="0" type="stmt"/>
        <line num="12" count="0" type="stmt"/>
      </file>
      <file name="get-touch-target.js" path="/Users/jeffreyrooks/Documents/GitHub/svelte-date-range-picker/src/date-range-picker/utils/get-touch-target.js">
        <metrics statements="3" coveredstatements="1" conditionals="0" coveredconditionals="0" methods="1" coveredmethods="0"/>
        <line num="5" count="4" type="stmt"/>
        <line num="6" count="0" type="stmt"/>
        <line num="7" count="0" type="stmt"/>
      </file>
      <file name="index.js" path="/Users/jeffreyrooks/Documents/GitHub/svelte-date-range-picker/src/date-range-picker/utils/index.js">
        <metrics statements="0" coveredstatements="0" conditionals="0" coveredconditionals="0" methods="0" coveredmethods="0"/>
      </file>
      <file name="is-disabled.js" path="/Users/jeffreyrooks/Documents/GitHub/svelte-date-range-picker/src/date-range-picker/utils/is-disabled.js">
        <metrics statements="8" coveredstatements="1" conditionals="6" coveredconditionals="0" methods="2" coveredmethods="0"/>
        <line num="13" count="4" type="stmt"/>
        <line num="14" count="0" type="cond" truecount="0" falsecount="2"/>
        <line num="15" count="0" type="stmt"/>
        <line num="18" count="0" type="cond" truecount="0" falsecount="2"/>
        <line num="19" count="0" type="stmt"/>
        <line num="22" count="0" type="cond" truecount="0" falsecount="2"/>
        <line num="23" count="0" type="stmt"/>
        <line num="26" count="0" type="stmt"/>
      </file>
      <file name="is-end-date.js" path="/Users/jeffreyrooks/Documents/GitHub/svelte-date-range-picker/src/date-range-picker/utils/is-end-date.js">
        <metrics statements="6" coveredstatements="1" conditionals="4" coveredconditionals="0" methods="1" coveredmethods="0"/>
        <line num="13" count="4" type="stmt"/>
        <line num="19" count="0" type="cond" truecount="0" falsecount="2"/>
        <line num="20" count="0" type="cond" truecount="0" falsecount="2"/>
        <line num="21" count="0" type="stmt"/>
        <line num="24" count="0" type="stmt"/>
        <line num="27" count="0" type="stmt"/>
      </file>
      <file name="is-next-month.js" path="/Users/jeffreyrooks/Documents/GitHub/svelte-date-range-picker/src/date-range-picker/utils/is-next-month.js">
        <metrics statements="2" coveredstatements="1" conditionals="0" coveredconditionals="0" methods="1" coveredmethods="0"/>
        <line num="3" count="4" type="stmt"/>
        <line num="4" count="0" type="stmt"/>
      </file>
      <file name="is-prev-month.js" path="/Users/jeffreyrooks/Documents/GitHub/svelte-date-range-picker/src/date-range-picker/utils/is-prev-month.js">
        <metrics statements="2" coveredstatements="1" conditionals="0" coveredconditionals="0" methods="1" coveredmethods="0"/>
        <line num="3" count="4" type="stmt"/>
        <line num="4" count="0" type="stmt"/>
      </file>
      <file name="is-start-date.js" path="/Users/jeffreyrooks/Documents/GitHub/svelte-date-range-picker/src/date-range-picker/utils/is-start-date.js">
        <metrics statements="4" coveredstatements="1" conditionals="4" coveredconditionals="0" methods="1" coveredmethods="0"/>
        <line num="12" count="4" type="stmt"/>
        <line num="18" count="0" type="cond" truecount="0" falsecount="4"/>
        <line num="19" count="0" type="stmt"/>
        <line num="22" count="0" type="stmt"/>
      </file>
      <file name="locale-format.js" path="/Users/jeffreyrooks/Documents/GitHub/svelte-date-range-picker/src/date-range-picker/utils/locale-format.js">
        <metrics statements="2" coveredstatements="2" conditionals="0" coveredconditionals="0" methods="1" coveredmethods="1"/>
        <line num="11" count="4" type="stmt"/>
        <line num="12" count="12" type="stmt"/>
      </file>
      <file name="pad.js" path="/Users/jeffreyrooks/Documents/GitHub/svelte-date-range-picker/src/date-range-picker/utils/pad.js">
        <metrics statements="1" coveredstatements="1" conditionals="2" coveredconditionals="2" methods="1" coveredmethods="1"/>
        <line num="7" count="4" type="cond" truecount="2" falsecount="0"/>
      </file>
      <file name="passive-supported.js" path="/Users/jeffreyrooks/Documents/GitHub/svelte-date-range-picker/src/date-range-picker/utils/passive-supported.js">
        <metrics statements="8" coveredstatements="5" conditionals="0" coveredconditionals="0" methods="1" coveredmethods="0"/>
        <line num="11" count="4" type="stmt"/>
        <line num="13" count="4" type="stmt"/>
        <line num="14" count="4" type="stmt"/>
        <line num="18" count="0" type="stmt"/>
        <line num="19" count="0" type="stmt"/>
        <line num="23" count="4" type="stmt"/>
        <line num="24" count="4" type="stmt"/>
        <line num="26" count="0" type="stmt"/>
      </file>
      <file name="round-down.js" path="/Users/jeffreyrooks/Documents/GitHub/svelte-date-range-picker/src/date-range-picker/utils/round-down.js">
        <metrics statements="1" coveredstatements="1" conditionals="1" coveredconditionals="1" methods="1" coveredmethods="1"/>
        <line num="8" count="4" type="cond" truecount="1" falsecount="0"/>
      </file>
      <file name="to-range.js" path="/Users/jeffreyrooks/Documents/GitHub/svelte-date-range-picker/src/date-range-picker/utils/to-range.js">
        <metrics statements="6" coveredstatements="1" conditionals="2" coveredconditionals="0" methods="1" coveredmethods="0"/>
        <line num="17" count="4" type="stmt"/>
        <line num="18" count="0" type="stmt"/>
        <line num="19" count="0" type="stmt"/>
        <line num="21" count="0" type="cond" truecount="0" falsecount="2"/>
        <line num="22" count="0" type="stmt"/>
        <line num="25" count="0" type="stmt"/>
      </file>
    </package>
  </project>
</coverage>
