{"/Users/jeffreyrooks/Documents/GitHub/svelte-date-range-picker/src/index.js": {"path":"/Users/jeffreyrooks/Documents/GitHub/svelte-date-range-picker/src/index.js","statementMap":{"0":{"start":{"line":3,"column":22},"end":{"line":3,"column":35}},"1":{"start":{"line":5,"column":19},"end":{"line":8,"column":2}}},"fnMap":{},"branchMap":{},"s":{"0":0,"1":0},"f":{},"b":{},"hash":"8e56a1ed2741ad0c040c576d46f3dbc30db76f47"}
,"/Users/jeffreyrooks/Documents/GitHub/svelte-date-range-picker/src/date-range-picker/index.js": {"path":"/Users/jeffreyrooks/Documents/GitHub/svelte-date-range-picker/src/date-range-picker/index.js","statementMap":{},"fnMap":{},"branchMap":{},"s":{},"f":{},"b":{},"hash":"35c16808e1538900ad1c9a757b617a3a661e0aad"}
,"/Users/jeffreyrooks/Documents/GitHub/svelte-date-range-picker/src/date-range-picker/utils/build-month-dropdown.js": {"path":"/Users/jeffreyrooks/Documents/GitHub/svelte-date-range-picker/src/date-range-picker/utils/build-month-dropdown.js","statementMap":{"0":{"start":{"line":11,"column":34},"end":{"line":19,"column":1}},"1":{"start":{"line":12,"column":18},"end":{"line":12,"column":33}},"2":{"start":{"line":14,"column":2},"end":{"line":18,"column":4}},"3":{"start":{"line":15,"column":18},"end":{"line":15,"column":39}},"4":{"start":{"line":17,"column":4},"end":{"line":17,"column":55}}},"fnMap":{"0":{"name":"(anonymous_0)","decl":{"start":{"line":11,"column":34},"end":{"line":11,"column":35}},"loc":{"start":{"line":11,"column":50},"end":{"line":19,"column":1}},"line":11},"1":{"name":"(anonymous_1)","decl":{"start":{"line":14,"column":52},"end":{"line":14,"column":53}},"loc":{"start":{"line":14,"column":62},"end":{"line":18,"column":3}},"line":14}},"branchMap":{},"s":{"0":4,"1":1,"2":1,"3":12,"4":12},"f":{"0":1,"1":12},"b":{},"_coverageSchema":"43e27e138ebf9cfc5966b082cf9a028302ed4184","hash":"aa0fda2d27fd50c377c615628c69bb45e4cbcadb"}
,"/Users/jeffreyrooks/Documents/GitHub/svelte-date-range-picker/src/date-range-picker/utils/build-year-dropdown.js": {"path":"/Users/jeffreyrooks/Documents/GitHub/svelte-date-range-picker/src/date-range-picker/utils/build-year-dropdown.js","statementMap":{"0":{"start":{"line":12,"column":33},"end":{"line":18,"column":1}},"1":{"start":{"line":13,"column":17},"end":{"line":13,"column":66}},"2":{"start":{"line":14,"column":2},"end":{"line":17,"column":4}},"3":{"start":{"line":15,"column":18},"end":{"line":15,"column":34}},"4":{"start":{"line":16,"column":4},"end":{"line":16,"column":55}}},"fnMap":{"0":{"name":"(anonymous_0)","decl":{"start":{"line":12,"column":33},"end":{"line":12,"column":34}},"loc":{"start":{"line":12,"column":56},"end":{"line":18,"column":1}},"line":12},"1":{"name":"(anonymous_1)","decl":{"start":{"line":14,"column":32},"end":{"line":14,"column":33}},"loc":{"start":{"line":14,"column":42},"end":{"line":17,"column":3}},"line":14}},"branchMap":{},"s":{"0":4,"1":0,"2":0,"3":0,"4":0},"f":{"0":0,"1":0},"b":{},"_coverageSchema":"43e27e138ebf9cfc5966b082cf9a028302ed4184","hash":"3ea36444ea77e1c07f917f09fb2ad4ce496c2007"}
,"/Users/jeffreyrooks/Documents/GitHub/svelte-date-range-picker/src/date-range-picker/utils/day-offset.js": {"path":"/Users/jeffreyrooks/Documents/GitHub/svelte-date-range-picker/src/date-range-picker/utils/day-offset.js","statementMap":{"0":{"start":{"line":7,"column":25},"end":{"line":16,"column":64}},"1":{"start":{"line":8,"column":2},"end":{"line":16,"column":64}}},"fnMap":{"0":{"name":"(anonymous_0)","decl":{"start":{"line":7,"column":25},"end":{"line":7,"column":26}},"loc":{"start":{"line":8,"column":2},"end":{"line":16,"column":64}},"line":8}},"branchMap":{},"s":{"0":4,"1":0},"f":{"0":0},"b":{},"_coverageSchema":"43e27e138ebf9cfc5966b082cf9a028302ed4184","hash":"e157a18dfdeb02ae0d33e6a606599d7adce4bb4a"}
,"/Users/jeffreyrooks/Documents/GitHub/svelte-date-range-picker/src/date-range-picker/utils/get-calendar-weeks.js": {"path":"/Users/jeffreyrooks/Documents/GitHub/svelte-date-range-picker/src/date-range-picker/utils/get-calendar-weeks.js","statementMap":{"0":{"start":{"line":38,"column":18},"end":{"line":41,"column":3}},"1":{"start":{"line":39,"column":2},"end":{"line":41,"column":3}},"2":{"start":{"line":40,"column":4},"end":{"line":40,"column":72}},"3":{"start":{"line":49,"column":32},"end":{"line":68,"column":1}},"4":{"start":{"line":50,"column":43},"end":{"line":50,"column":63}},"5":{"start":{"line":51,"column":23},"end":{"line":51,"column":48}},"6":{"start":{"line":52,"column":16},"end":{"line":52,"column":60}},"7":{"start":{"line":54,"column":2},"end":{"line":67,"column":5}},"8":{"start":{"line":60,"column":17},"end":{"line":67,"column":3}}},"fnMap":{"0":{"name":"(anonymous_0)","decl":{"start":{"line":38,"column":18},"end":{"line":38,"column":19}},"loc":{"start":{"line":39,"column":2},"end":{"line":41,"column":3}},"line":39},"1":{"name":"(anonymous_1)","decl":{"start":{"line":39,"column":28},"end":{"line":39,"column":29}},"loc":{"start":{"line":40,"column":4},"end":{"line":40,"column":72}},"line":40},"2":{"name":"(anonymous_2)","decl":{"start":{"line":49,"column":32},"end":{"line":49,"column":33}},"loc":{"start":{"line":49,"column":56},"end":{"line":68,"column":1}},"line":49},"3":{"name":"(anonymous_3)","decl":{"start":{"line":60,"column":8},"end":{"line":60,"column":9}},"loc":{"start":{"line":60,"column":17},"end":{"line":67,"column":3}},"line":60}},"branchMap":{},"s":{"0":4,"1":0,"2":0,"3":4,"4":0,"5":0,"6":0,"7":0,"8":0},"f":{"0":0,"1":0,"2":0,"3":0},"b":{},"_coverageSchema":"43e27e138ebf9cfc5966b082cf9a028302ed4184","hash":"66b7b8fe4fd92ee03c3b24918ac8598148de1bbc"}
,"/Users/jeffreyrooks/Documents/GitHub/svelte-date-range-picker/src/date-range-picker/utils/get-day-meta-data.js": {"path":"/Users/jeffreyrooks/Documents/GitHub/svelte-date-range-picker/src/date-range-picker/utils/get-day-meta-data.js","statementMap":{"0":{"start":{"line":47,"column":30},"end":{"line":79,"column":1}},"1":{"start":{"line":59,"column":6},"end":{"line":59,"column":12}},"2":{"start":{"line":62,"column":25},"end":{"line":62,"column":60}},"3":{"start":{"line":64,"column":2},"end":{"line":78,"column":3}}},"fnMap":{"0":{"name":"(anonymous_0)","decl":{"start":{"line":47,"column":30},"end":{"line":47,"column":31}},"loc":{"start":{"line":47,"column":40},"end":{"line":79,"column":1}},"line":47}},"branchMap":{"0":{"loc":{"start":{"line":75,"column":23},"end":{"line":77,"column":13}},"type":"cond-expr","locations":[{"start":{"line":76,"column":8},"end":{"line":76,"column":46}},{"start":{"line":77,"column":8},"end":{"line":77,"column":13}}],"line":75}},"s":{"0":4,"1":0,"2":0,"3":0},"f":{"0":0},"b":{"0":[0,0]},"_coverageSchema":"43e27e138ebf9cfc5966b082cf9a028302ed4184","hash":"a80533165712f01ab6c5e1cf248f990b48ba704a"}
,"/Users/jeffreyrooks/Documents/GitHub/svelte-date-range-picker/src/date-range-picker/utils/get-days-of-week.js": {"path":"/Users/jeffreyrooks/Documents/GitHub/svelte-date-range-picker/src/date-range-picker/utils/get-days-of-week.js","statementMap":{"0":{"start":{"line":10,"column":29},"end":{"line":18,"column":3}},"1":{"start":{"line":11,"column":2},"end":{"line":18,"column":3}},"2":{"start":{"line":12,"column":4},"end":{"line":17,"column":5}}},"fnMap":{"0":{"name":"(anonymous_0)","decl":{"start":{"line":10,"column":29},"end":{"line":10,"column":30}},"loc":{"start":{"line":11,"column":2},"end":{"line":18,"column":3}},"line":11},"1":{"name":"(anonymous_1)","decl":{"start":{"line":11,"column":28},"end":{"line":11,"column":29}},"loc":{"start":{"line":12,"column":4},"end":{"line":17,"column":5}},"line":12}},"branchMap":{},"s":{"0":4,"1":0,"2":0},"f":{"0":0,"1":0},"b":{},"_coverageSchema":"43e27e138ebf9cfc5966b082cf9a028302ed4184","hash":"a9ca8fc5c901327901f5285ceeca93309ab8c21b"}
,"/Users/jeffreyrooks/Documents/GitHub/svelte-date-range-picker/src/date-range-picker/utils/get-touch-target.js": {"path":"/Users/jeffreyrooks/Documents/GitHub/svelte-date-range-picker/src/date-range-picker/utils/get-touch-target.js","statementMap":{"0":{"start":{"line":5,"column":30},"end":{"line":8,"column":1}},"1":{"start":{"line":6,"column":14},"end":{"line":6,"column":33}},"2":{"start":{"line":7,"column":2},"end":{"line":7,"column":60}}},"fnMap":{"0":{"name":"(anonymous_0)","decl":{"start":{"line":5,"column":30},"end":{"line":5,"column":31}},"loc":{"start":{"line":5,"column":35},"end":{"line":8,"column":1}},"line":5}},"branchMap":{},"s":{"0":4,"1":0,"2":0},"f":{"0":0},"b":{},"_coverageSchema":"43e27e138ebf9cfc5966b082cf9a028302ed4184","hash":"b558f39b1dfc09645583b076df469ab58527c325"}
,"/Users/jeffreyrooks/Documents/GitHub/svelte-date-range-picker/src/date-range-picker/utils/index.js": {"path":"/Users/jeffreyrooks/Documents/GitHub/svelte-date-range-picker/src/date-range-picker/utils/index.js","statementMap":{},"fnMap":{},"branchMap":{},"s":{},"f":{},"b":{},"_coverageSchema":"43e27e138ebf9cfc5966b082cf9a028302ed4184","hash":"1fd7fcd01c9078e4575ef604d8a1e5f5249077f6"}
,"/Users/jeffreyrooks/Documents/GitHub/svelte-date-range-picker/src/date-range-picker/utils/is-disabled.js": {"path":"/Users/jeffreyrooks/Documents/GitHub/svelte-date-range-picker/src/date-range-picker/utils/is-disabled.js","statementMap":{"0":{"start":{"line":13,"column":26},"end":{"line":27,"column":1}},"1":{"start":{"line":14,"column":2},"end":{"line":16,"column":3}},"2":{"start":{"line":14,"column":41},"end":{"line":14,"column":70}},"3":{"start":{"line":15,"column":4},"end":{"line":15,"column":15}},"4":{"start":{"line":18,"column":2},"end":{"line":20,"column":3}},"5":{"start":{"line":19,"column":4},"end":{"line":19,"column":15}},"6":{"start":{"line":22,"column":2},"end":{"line":24,"column":3}},"7":{"start":{"line":23,"column":4},"end":{"line":23,"column":15}},"8":{"start":{"line":26,"column":2},"end":{"line":26,"column":14}}},"fnMap":{"0":{"name":"(anonymous_0)","decl":{"start":{"line":13,"column":26},"end":{"line":13,"column":27}},"loc":{"start":{"line":13,"column":73},"end":{"line":27,"column":1}},"line":13},"1":{"name":"(anonymous_1)","decl":{"start":{"line":14,"column":25},"end":{"line":14,"column":26}},"loc":{"start":{"line":14,"column":41},"end":{"line":14,"column":70}},"line":14}},"branchMap":{"0":{"loc":{"start":{"line":14,"column":2},"end":{"line":16,"column":3}},"type":"if","locations":[{"start":{"line":14,"column":2},"end":{"line":16,"column":3}},{"start":{"line":14,"column":2},"end":{"line":16,"column":3}}],"line":14},"1":{"loc":{"start":{"line":18,"column":2},"end":{"line":20,"column":3}},"type":"if","locations":[{"start":{"line":18,"column":2},"end":{"line":20,"column":3}},{"start":{"line":18,"column":2},"end":{"line":20,"column":3}}],"line":18},"2":{"loc":{"start":{"line":22,"column":2},"end":{"line":24,"column":3}},"type":"if","locations":[{"start":{"line":22,"column":2},"end":{"line":24,"column":3}},{"start":{"line":22,"column":2},"end":{"line":24,"column":3}}],"line":22}},"s":{"0":4,"1":0,"2":0,"3":0,"4":0,"5":0,"6":0,"7":0,"8":0},"f":{"0":0,"1":0},"b":{"0":[0,0],"1":[0,0],"2":[0,0]},"_coverageSchema":"43e27e138ebf9cfc5966b082cf9a028302ed4184","hash":"4ba02fd4f119c4b45642d919cfd4631d765c5f46"}
,"/Users/jeffreyrooks/Documents/GitHub/svelte-date-range-picker/src/date-range-picker/utils/is-end-date.js": {"path":"/Users/jeffreyrooks/Documents/GitHub/svelte-date-range-picker/src/date-range-picker/utils/is-end-date.js","statementMap":{"0":{"start":{"line":13,"column":25},"end":{"line":28,"column":1}},"1":{"start":{"line":19,"column":2},"end":{"line":25,"column":3}},"2":{"start":{"line":20,"column":4},"end":{"line":22,"column":5}},"3":{"start":{"line":21,"column":6},"end":{"line":21,"column":41}},"4":{"start":{"line":24,"column":4},"end":{"line":24,"column":41}},"5":{"start":{"line":27,"column":2},"end":{"line":27,"column":37}}},"fnMap":{"0":{"name":"(anonymous_0)","decl":{"start":{"line":13,"column":25},"end":{"line":13,"column":26}},"loc":{"start":{"line":18,"column":6},"end":{"line":28,"column":1}},"line":18}},"branchMap":{"0":{"loc":{"start":{"line":19,"column":2},"end":{"line":25,"column":3}},"type":"if","locations":[{"start":{"line":19,"column":2},"end":{"line":25,"column":3}},{"start":{"line":19,"column":2},"end":{"line":25,"column":3}}],"line":19},"1":{"loc":{"start":{"line":20,"column":4},"end":{"line":22,"column":5}},"type":"if","locations":[{"start":{"line":20,"column":4},"end":{"line":22,"column":5}},{"start":{"line":20,"column":4},"end":{"line":22,"column":5}}],"line":20}},"s":{"0":4,"1":0,"2":0,"3":0,"4":0,"5":0},"f":{"0":0},"b":{"0":[0,0],"1":[0,0]},"_coverageSchema":"43e27e138ebf9cfc5966b082cf9a028302ed4184","hash":"355e5b481d5a242c421fbec7a85e8aa31a4d45a7"}
,"/Users/jeffreyrooks/Documents/GitHub/svelte-date-range-picker/src/date-range-picker/utils/is-next-month.js": {"path":"/Users/jeffreyrooks/Documents/GitHub/svelte-date-range-picker/src/date-range-picker/utils/is-next-month.js","statementMap":{"0":{"start":{"line":3,"column":27},"end":{"line":4,"column":44}},"1":{"start":{"line":4,"column":2},"end":{"line":4,"column":44}}},"fnMap":{"0":{"name":"(anonymous_0)","decl":{"start":{"line":3,"column":27},"end":{"line":3,"column":28}},"loc":{"start":{"line":4,"column":2},"end":{"line":4,"column":44}},"line":4}},"branchMap":{},"s":{"0":4,"1":0},"f":{"0":0},"b":{},"_coverageSchema":"43e27e138ebf9cfc5966b082cf9a028302ed4184","hash":"2514382ea775b6685787e3c7389839fdaf7bc288"}
,"/Users/jeffreyrooks/Documents/GitHub/svelte-date-range-picker/src/date-range-picker/utils/is-prev-month.js": {"path":"/Users/jeffreyrooks/Documents/GitHub/svelte-date-range-picker/src/date-range-picker/utils/is-prev-month.js","statementMap":{"0":{"start":{"line":3,"column":27},"end":{"line":4,"column":44}},"1":{"start":{"line":4,"column":2},"end":{"line":4,"column":44}}},"fnMap":{"0":{"name":"(anonymous_0)","decl":{"start":{"line":3,"column":27},"end":{"line":3,"column":28}},"loc":{"start":{"line":4,"column":2},"end":{"line":4,"column":44}},"line":4}},"branchMap":{},"s":{"0":4,"1":0},"f":{"0":0},"b":{},"_coverageSchema":"43e27e138ebf9cfc5966b082cf9a028302ed4184","hash":"341bc55bde8f549e985d169a5d3e951a2f58ac33"}
,"/Users/jeffreyrooks/Documents/GitHub/svelte-date-range-picker/src/date-range-picker/utils/is-start-date.js": {"path":"/Users/jeffreyrooks/Documents/GitHub/svelte-date-range-picker/src/date-range-picker/utils/is-start-date.js","statementMap":{"0":{"start":{"line":12,"column":27},"end":{"line":23,"column":1}},"1":{"start":{"line":18,"column":2},"end":{"line":20,"column":3}},"2":{"start":{"line":19,"column":4},"end":{"line":19,"column":39}},"3":{"start":{"line":22,"column":2},"end":{"line":22,"column":39}}},"fnMap":{"0":{"name":"(anonymous_0)","decl":{"start":{"line":12,"column":27},"end":{"line":12,"column":28}},"loc":{"start":{"line":17,"column":6},"end":{"line":23,"column":1}},"line":17}},"branchMap":{"0":{"loc":{"start":{"line":18,"column":2},"end":{"line":20,"column":3}},"type":"if","locations":[{"start":{"line":18,"column":2},"end":{"line":20,"column":3}},{"start":{"line":18,"column":2},"end":{"line":20,"column":3}}],"line":18},"1":{"loc":{"start":{"line":18,"column":6},"end":{"line":18,"column":59}},"type":"binary-expr","locations":[{"start":{"line":18,"column":6},"end":{"line":18,"column":19}},{"start":{"line":18,"column":23},"end":{"line":18,"column":59}}],"line":18}},"s":{"0":4,"1":0,"2":0,"3":0},"f":{"0":0},"b":{"0":[0,0],"1":[0,0]},"_coverageSchema":"43e27e138ebf9cfc5966b082cf9a028302ed4184","hash":"42f0496699144e47cfbfb4d2d0f847803138d4b2"}
,"/Users/jeffreyrooks/Documents/GitHub/svelte-date-range-picker/src/date-range-picker/utils/locale-format.js": {"path":"/Users/jeffreyrooks/Documents/GitHub/svelte-date-range-picker/src/date-range-picker/utils/locale-format.js","statementMap":{"0":{"start":{"line":11,"column":28},"end":{"line":12,"column":57}},"1":{"start":{"line":12,"column":2},"end":{"line":12,"column":57}}},"fnMap":{"0":{"name":"(anonymous_0)","decl":{"start":{"line":11,"column":28},"end":{"line":11,"column":29}},"loc":{"start":{"line":12,"column":2},"end":{"line":12,"column":57}},"line":12}},"branchMap":{},"s":{"0":4,"1":12},"f":{"0":12},"b":{},"_coverageSchema":"43e27e138ebf9cfc5966b082cf9a028302ed4184","hash":"5b818bbf39a96d6b7e86922e988814b6a96c6891"}
,"/Users/jeffreyrooks/Documents/GitHub/svelte-date-range-picker/src/date-range-picker/utils/pad.js": {"path":"/Users/jeffreyrooks/Documents/GitHub/svelte-date-range-picker/src/date-range-picker/utils/pad.js","statementMap":{"0":{"start":{"line":7,"column":19},"end":{"line":7,"column":46}},"1":{"start":{"line":7,"column":25},"end":{"line":7,"column":45}}},"fnMap":{"0":{"name":"(anonymous_0)","decl":{"start":{"line":7,"column":19},"end":{"line":7,"column":20}},"loc":{"start":{"line":7,"column":25},"end":{"line":7,"column":45}},"line":7}},"branchMap":{"0":{"loc":{"start":{"line":7,"column":25},"end":{"line":7,"column":45}},"type":"cond-expr","locations":[{"start":{"line":7,"column":34},"end":{"line":7,"column":41}},{"start":{"line":7,"column":44},"end":{"line":7,"column":45}}],"line":7}},"s":{"0":4,"1":2},"f":{"0":2},"b":{"0":[1,1]},"_coverageSchema":"43e27e138ebf9cfc5966b082cf9a028302ed4184","hash":"34c83aaf92a54adfe246a5b1502c557203953c24"}
,"/Users/jeffreyrooks/Documents/GitHub/svelte-date-range-picker/src/date-range-picker/utils/passive-supported.js": {"path":"/Users/jeffreyrooks/Documents/GitHub/svelte-date-range-picker/src/date-range-picker/utils/passive-supported.js","statementMap":{"0":{"start":{"line":11,"column":30},"end":{"line":11,"column":35}},"1":{"start":{"line":13,"column":0},"end":{"line":27,"column":1}},"2":{"start":{"line":14,"column":18},"end":{"line":21,"column":3}},"3":{"start":{"line":18,"column":6},"end":{"line":18,"column":29}},"4":{"start":{"line":19,"column":6},"end":{"line":19,"column":18}},"5":{"start":{"line":23,"column":2},"end":{"line":23,"column":48}},"6":{"start":{"line":24,"column":2},"end":{"line":24,"column":51}},"7":{"start":{"line":26,"column":2},"end":{"line":26,"column":26}}},"fnMap":{"0":{"name":"(anonymous_0)","decl":{"start":{"line":17,"column":4},"end":{"line":17,"column":5}},"loc":{"start":{"line":17,"column":18},"end":{"line":20,"column":5}},"line":17}},"branchMap":{},"s":{"0":4,"1":4,"2":4,"3":0,"4":0,"5":4,"6":4,"7":0},"f":{"0":0},"b":{},"_coverageSchema":"43e27e138ebf9cfc5966b082cf9a028302ed4184","hash":"903203d02df9e4e629ec255dd05682fafff2bea0"}
,"/Users/jeffreyrooks/Documents/GitHub/svelte-date-range-picker/src/date-range-picker/utils/round-down.js": {"path":"/Users/jeffreyrooks/Documents/GitHub/svelte-date-range-picker/src/date-range-picker/utils/round-down.js","statementMap":{"0":{"start":{"line":8,"column":25},"end":{"line":8,"column":60}},"1":{"start":{"line":8,"column":39},"end":{"line":8,"column":60}}},"fnMap":{"0":{"name":"(anonymous_0)","decl":{"start":{"line":8,"column":25},"end":{"line":8,"column":26}},"loc":{"start":{"line":8,"column":39},"end":{"line":8,"column":60}},"line":8}},"branchMap":{"0":{"loc":{"start":{"line":8,"column":29},"end":{"line":8,"column":34}},"type":"default-arg","locations":[{"start":{"line":8,"column":33},"end":{"line":8,"column":34}}],"line":8}},"s":{"0":4,"1":2},"f":{"0":2},"b":{"0":[1]},"_coverageSchema":"43e27e138ebf9cfc5966b082cf9a028302ed4184","hash":"32f45ca8dacd106153486035c07010e7d1aafaaa"}
,"/Users/jeffreyrooks/Documents/GitHub/svelte-date-range-picker/src/date-range-picker/utils/to-range.js": {"path":"/Users/jeffreyrooks/Documents/GitHub/svelte-date-range-picker/src/date-range-picker/utils/to-range.js","statementMap":{"0":{"start":{"line":17,"column":23},"end":{"line":26,"column":1}},"1":{"start":{"line":18,"column":14},"end":{"line":18,"column":18}},"2":{"start":{"line":19,"column":12},"end":{"line":19,"column":25}},"3":{"start":{"line":21,"column":2},"end":{"line":23,"column":3}},"4":{"start":{"line":22,"column":5},"end":{"line":22,"column":42}},"5":{"start":{"line":25,"column":2},"end":{"line":25,"column":23}}},"fnMap":{"0":{"name":"(anonymous_0)","decl":{"start":{"line":17,"column":23},"end":{"line":17,"column":24}},"loc":{"start":{"line":17,"column":48},"end":{"line":26,"column":1}},"line":17}},"branchMap":{"0":{"loc":{"start":{"line":21,"column":2},"end":{"line":23,"column":3}},"type":"if","locations":[{"start":{"line":21,"column":2},"end":{"line":23,"column":3}},{"start":{"line":21,"column":2},"end":{"line":23,"column":3}}],"line":21}},"s":{"0":4,"1":0,"2":0,"3":0,"4":0,"5":0},"f":{"0":0},"b":{"0":[0,0]},"_coverageSchema":"43e27e138ebf9cfc5966b082cf9a028302ed4184","hash":"e921fe5bcb360be851ec7682e9f1d59d8bda155a"}
}
