TN:
SF:/Users/jeffreyrooks/Documents/GitHub/svelte-date-range-picker/src/index.js
FNF:0
FNH:0
DA:3,0
DA:5,0
LF:2
LH:0
BRF:0
BRH:0
end_of_record
TN:
SF:/Users/jeffreyrooks/Documents/GitHub/svelte-date-range-picker/src/date-range-picker/index.js
FNF:0
FNH:0
LF:0
LH:0
BRF:0
BRH:0
end_of_record
TN:
SF:/Users/jeffreyrooks/Documents/GitHub/svelte-date-range-picker/src/date-range-picker/utils/build-month-dropdown.js
FN:11,(anonymous_0)
FN:14,(anonymous_1)
FNF:2
FNH:2
FNDA:1,(anonymous_0)
FNDA:12,(anonymous_1)
DA:11,4
DA:12,1
DA:14,1
DA:15,12
DA:17,12
LF:5
LH:5
BRF:0
BRH:0
end_of_record
TN:
SF:/Users/jeffreyrooks/Documents/GitHub/svelte-date-range-picker/src/date-range-picker/utils/build-year-dropdown.js
FN:12,(anonymous_0)
FN:14,(anonymous_1)
FNF:2
FNH:0
FNDA:0,(anonymous_0)
FNDA:0,(anonymous_1)
DA:12,4
DA:13,0
DA:14,0
DA:15,0
DA:16,0
LF:5
LH:1
BRF:0
BRH:0
end_of_record
TN:
SF:/Users/jeffreyrooks/Documents/GitHub/svelte-date-range-picker/src/date-range-picker/utils/day-offset.js
FN:7,(anonymous_0)
FNF:1
FNH:0
FNDA:0,(anonymous_0)
DA:7,4
DA:8,0
LF:2
LH:1
BRF:0
BRH:0
end_of_record
TN:
SF:/Users/jeffreyrooks/Documents/GitHub/svelte-date-range-picker/src/date-range-picker/utils/get-calendar-weeks.js
FN:38,(anonymous_0)
FN:39,(anonymous_1)
FN:49,(anonymous_2)
FN:60,(anonymous_3)
FNF:4
FNH:0
FNDA:0,(anonymous_0)
FNDA:0,(anonymous_1)
FNDA:0,(anonymous_2)
FNDA:0,(anonymous_3)
DA:38,4
DA:39,0
DA:40,0
DA:49,4
DA:50,0
DA:51,0
DA:52,0
DA:54,0
DA:60,0
LF:9
LH:2
BRF:0
BRH:0
end_of_record
TN:
SF:/Users/jeffreyrooks/Documents/GitHub/svelte-date-range-picker/src/date-range-picker/utils/get-day-meta-data.js
FN:47,(anonymous_0)
FNF:1
FNH:0
FNDA:0,(anonymous_0)
DA:47,4
DA:59,0
DA:62,0
DA:64,0
LF:4
LH:1
BRDA:75,0,0,0
BRDA:75,0,1,0
BRF:2
BRH:0
end_of_record
TN:
SF:/Users/jeffreyrooks/Documents/GitHub/svelte-date-range-picker/src/date-range-picker/utils/get-days-of-week.js
FN:10,(anonymous_0)
FN:11,(anonymous_1)
FNF:2
FNH:0
FNDA:0,(anonymous_0)
FNDA:0,(anonymous_1)
DA:10,4
DA:11,0
DA:12,0
LF:3
LH:1
BRF:0
BRH:0
end_of_record
TN:
SF:/Users/jeffreyrooks/Documents/GitHub/svelte-date-range-picker/src/date-range-picker/utils/get-touch-target.js
FN:5,(anonymous_0)
FNF:1
FNH:0
FNDA:0,(anonymous_0)
DA:5,4
DA:6,0
DA:7,0
LF:3
LH:1
BRF:0
BRH:0
end_of_record
TN:
SF:/Users/jeffreyrooks/Documents/GitHub/svelte-date-range-picker/src/date-range-picker/utils/index.js
FNF:0
FNH:0
LF:0
LH:0
BRF:0
BRH:0
end_of_record
TN:
SF:/Users/jeffreyrooks/Documents/GitHub/svelte-date-range-picker/src/date-range-picker/utils/is-disabled.js
FN:13,(anonymous_0)
FN:14,(anonymous_1)
FNF:2
FNH:0
FNDA:0,(anonymous_0)
FNDA:0,(anonymous_1)
DA:13,4
DA:14,0
DA:15,0
DA:18,0
DA:19,0
DA:22,0
DA:23,0
DA:26,0
LF:8
LH:1
BRDA:14,0,0,0
BRDA:14,0,1,0
BRDA:18,1,0,0
BRDA:18,1,1,0
BRDA:22,2,0,0
BRDA:22,2,1,0
BRF:6
BRH:0
end_of_record
TN:
SF:/Users/jeffreyrooks/Documents/GitHub/svelte-date-range-picker/src/date-range-picker/utils/is-end-date.js
FN:13,(anonymous_0)
FNF:1
FNH:0
FNDA:0,(anonymous_0)
DA:13,4
DA:19,0
DA:20,0
DA:21,0
DA:24,0
DA:27,0
LF:6
LH:1
BRDA:19,0,0,0
BRDA:19,0,1,0
BRDA:20,1,0,0
BRDA:20,1,1,0
BRF:4
BRH:0
end_of_record
TN:
SF:/Users/jeffreyrooks/Documents/GitHub/svelte-date-range-picker/src/date-range-picker/utils/is-next-month.js
FN:3,(anonymous_0)
FNF:1
FNH:0
FNDA:0,(anonymous_0)
DA:3,4
DA:4,0
LF:2
LH:1
BRF:0
BRH:0
end_of_record
TN:
SF:/Users/jeffreyrooks/Documents/GitHub/svelte-date-range-picker/src/date-range-picker/utils/is-prev-month.js
FN:3,(anonymous_0)
FNF:1
FNH:0
FNDA:0,(anonymous_0)
DA:3,4
DA:4,0
LF:2
LH:1
BRF:0
BRH:0
end_of_record
TN:
SF:/Users/jeffreyrooks/Documents/GitHub/svelte-date-range-picker/src/date-range-picker/utils/is-start-date.js
FN:12,(anonymous_0)
FNF:1
FNH:0
FNDA:0,(anonymous_0)
DA:12,4
DA:18,0
DA:19,0
DA:22,0
LF:4
LH:1
BRDA:18,0,0,0
BRDA:18,0,1,0
BRDA:18,1,0,0
BRDA:18,1,1,0
BRF:4
BRH:0
end_of_record
TN:
SF:/Users/jeffreyrooks/Documents/GitHub/svelte-date-range-picker/src/date-range-picker/utils/locale-format.js
FN:11,(anonymous_0)
FNF:1
FNH:1
FNDA:12,(anonymous_0)
DA:11,4
DA:12,12
LF:2
LH:2
BRF:0
BRH:0
end_of_record
TN:
SF:/Users/jeffreyrooks/Documents/GitHub/svelte-date-range-picker/src/date-range-picker/utils/pad.js
FN:7,(anonymous_0)
FNF:1
FNH:1
FNDA:2,(anonymous_0)
DA:7,4
LF:1
LH:1
BRDA:7,0,0,1
BRDA:7,0,1,1
BRF:2
BRH:2
end_of_record
TN:
SF:/Users/jeffreyrooks/Documents/GitHub/svelte-date-range-picker/src/date-range-picker/utils/passive-supported.js
FN:17,(anonymous_0)
FNF:1
FNH:0
FNDA:0,(anonymous_0)
DA:11,4
DA:13,4
DA:14,4
DA:18,0
DA:19,0
DA:23,4
DA:24,4
DA:26,0
LF:8
LH:5
BRF:0
BRH:0
end_of_record
TN:
SF:/Users/jeffreyrooks/Documents/GitHub/svelte-date-range-picker/src/date-range-picker/utils/round-down.js
FN:8,(anonymous_0)
FNF:1
FNH:1
FNDA:2,(anonymous_0)
DA:8,4
LF:1
LH:1
BRDA:8,0,0,1
BRF:1
BRH:1
end_of_record
TN:
SF:/Users/jeffreyrooks/Documents/GitHub/svelte-date-range-picker/src/date-range-picker/utils/to-range.js
FN:17,(anonymous_0)
FNF:1
FNH:0
FNDA:0,(anonymous_0)
DA:17,4
DA:18,0
DA:19,0
DA:21,0
DA:22,0
DA:25,0
LF:6
LH:1
BRDA:21,0,0,0
BRDA:21,0,1,0
BRF:2
BRH:0
end_of_record
